
ROM used:   70/8192 (1%)
            70/8192 (1%) including unused fragments

            0.1 Average locations per line
            4.7 Average locations per statement

RAM used:   5/368 (1%) at main() level
            6/368 (2%) worst case

Stack used: 0 worst case (0 in main + 0 for interrupts)
Stack size: 8

Lines Stmts  %   Files
----- ----- ---  -----
   39    15 100  micro_1.c
   10     0   0  micro_1.h
  661     0   0  ..\..\..\..\Program Files (x86)\PICC\Devices\16F877A.h
----- -----
  710    15 Total

Page ROM  %  RAM   Vol Diff  Functions:
---- --- --- ---   --- ----  ----------
0     21  30    1             @delay_ms2
0     45  64    0   331  2.8  main
 Inline         0             @cinit1

Program metrics:
    Functions               1
    Statements              15
    Comments                122
    Volume (V)              335
    Difficulty (D)          2.6
    Effort to implement (E) 888
    Time to implement (T)   1 minutes
    Est Delivered Bugs (B)  0
    Cyclomatic Complexity   1
    Maintainability (MI)    47

 Segment     Used  Free
-----------  ----  ----
00000-00003     4  0  
00004-007FF    66  1978  
00800-00FFF     0  2048  
01000-017FF     0  2048  
01800-01FFF     0  2048  



